[    0.000000] Initializing cgroup subsys cpuset
[    0.000000] Initializing cgroup subsys cpu
[    0.000000] Initializing cgroup subsys cpuacct
[    0.000000] Linux version 4.4.0-135-generic (buildd@lcy01-amd64-020) (gcc version 5.4.0 20160609 (Ubuntu 5.4.0-6ubuntu1~16.04.10) ) #161-Ubuntu SMP Mon Aug 27 10:45:01 UTC 2018 (Ubuntu 4.4.0-135.161-generic 4.4.140)
[    0.000000] Command line: BOOT_IMAGE=oot/vmlinuz-4.4.0-135-generic root=LABEL=cloudimg-rootfs ro console=tty1 console=ttyS0
[    0.000000] KERNEL supported cpus:
[    0.000000]   Intel GenuineIntel
[    0.000000]   AMD AuthenticAMD
[    0.000000]   Centaur CentaurHauls
[    0.000000] x86/fpu: xstate_offset[2]:  576, xstate_sizes[2]:  256
[    0.000000] x86/fpu: Supporting XSAVE feature 0x01: 'x87 floating point registers'
[    0.000000] x86/fpu: Supporting XSAVE feature 0x02: 'SSE registers'
[    0.000000] x86/fpu: Supporting XSAVE feature 0x04: 'AVX registers'
[    0.000000] x86/fpu: Enabled xstate features 0x7, context size is 832 bytes, using 'standard' format.
[    0.000000] e820: BIOS-provided physical RAM map:
[    0.000000] BIOS-e820: [em 0x0000000000000000-0x000000000009fbff] usable
[    0.000000] BIOS-e820: [mem 0x000000000009fc00-0x000000000009ffff] reserved
[    0.000000] BIOS-e820: [mem 0x00000000000f0000-0x00000000000fffff] reserved
[    0.000000] BIOS-e820: [mem 0x0000000000100000-0x000000005ffeffff] usable
[    0.000000] BIOS-e820: [mem 0x000000005fff0000-0x000000005fffffff] ACPI data
[    0.000000] BIOS-e820: [mem 0x00000000fec00000-0x00000000fec00fff] reserved
[    0.000000] BIOS-e820: [mem 0x00000000fee00000-0x00000000fee00fff] reserved
[    0.000000] BIOS-e820: [mem 0x00000000fffc0000-0x00000000ffffffff] reserved
[    0.000000] NX (Execute Disable) protection: active
[    0.000000] SMBIOS 2.5 present.
[    0.000000] Hypervisor detected: KVM
[    0.000000] e820: last_pfn = 0x5fff0 max_arch_pfn = 0x400000000
[    0.000000] MTRR: Disabled
[    0.000000] x86/PAT: MTRRs disabled, skipping PAT initialization too.
[    0.000000] CPU MTRRs all blank - virtualized system.
[    0.000000] x86/PAT: Configuration [0-7]: WB  WT  UC- UC  WB  WT  UC- UC  
[    0.000000] found SMP MP-table at [mem 0x0009fff0-0x0009ffff] mapped at [ffff88000009fff0]
[    0.000000] Scanning 1 areas for low memory corruption
[    0.000000] RAMDISK: [mem 0x3630a000-0x3717cfff]
[    0.000000] ACPI: Early table checksum verification disabled
[    0.000000] ACPI: RSDP 0x000000000E0000 000024 (v02 VBOX  )
[    0.000000] ACPI: XSDT 0x000000005FFF0030 00003C (v01 VBOX   VBOXXSDT 00000001 ASL  00000061)
[    0.000000] ACPI: FACP 0x000000005FFF00F0 0000F4 (v04 VBOX   VBOXFACP 00000001 ASL  00000061)
[    0.000000] ACPI: DSDT 0x000000005FFF0470 0021FF (v02 VBOX   VBOXBIOS 00000002 INTL 20160108)
[    0.000000] ACPI: FACS 0x000000005FFF0200 000040
[    0.000000] ACPI: FACS 0x000000005FFF0200 000040
[    0.000000] ACPI: APIC 0x000000005FFF0240 00005C (v02 VBOX   VBOXAPIC 00000001 ASL  00000061)
[    0.000000] ACPI: SSDT 0x000000005FFF02A0 0001CC (v01 VBOX   VBOXCPUT 00000002 INTL 20160108)
[    0.000000] No NUMA configuration found
[    0.000000] Faking a node at [mem 0x0000000000000000-0x000000005ffeffff]
[    0.000000] NODE_DATA(0) allocated [mem 0x5ffeb000-0x5ffeffff]
[    0.000000] vm-clock: Using msrs 4b564d01 annd 4b564d00
[    0.000000] kvm-clock: cpu 0, msr 0:5ffe3001, primary cpu clock
[    0.000000] kvm-clock: using sched offset of 3629843317 cycles
[    0.000000] clocksource: kvm-clock: mask: 0xffffffffffffffff max_cycles: 0x1cd42e4dffb, max_idle_ns: 881590591483 ns
[    0.000000] Zone ranges:
[    0.000000]   DMA      [mem 0x0000000000001000-0x0000000000ffffff]
[    0.000000]   DMA32    [mem 0x0000000001000000-0x000000005ffeffff]
[    0.000000]   Normal   empty
[    0.000000]   Device   empty
[    0.000000] Movable zone start for each node
[    0.000000] Early memory node ranges
[    0.000000]   node   0: [mem 0x0000000000001000-0x000000000009efff]
[    0.000000]   node   0: [mem 0x0000000000100000-0x000000005ffeffff]
[    0.000000] Initmem setup node 0 [mem 0x0000000000001000-0x000000005ffeffff]
[    0.000000] ACPI: PM-Timer IO Port: 0x4008
[    0.000000] IOAPIC[0]: apic_id 2, version 32, address 0xfec00000, GSI 0-23
[    0.000000] ACPI: INT_SRC_OVR (bus 0 bus_irq 0 global_irq 2 dfl dfl)
[    0.000000] ACPI: INT_SRC_OVR (bus 0 bus_irq 9 global_irq 9 low level)
[    0.000000] Using ACPI (MADT) for SMP configuration information
[    0.000000] smpboot: Allowing 2 CPUs, 0 hotplug CPUs
[    0.000000] PM: Registered nosave memory: [mem 0x00000000-0x00000fff]
[    0.000000] PM: Registered nosave memory: [mem 0x0009f000-0x0009ffff]
[    0.000000] PM: Registered nosave memory: [mem 0x000a0000-0x000effff]
[    0.000000] PM: Registered nosave memory: [mem 0x000f0000-0x000fffff]
[    0.000000] e820: [mem 0x60000000-0xfebfffff] available for PCI devices
[    0.000000] Booting paravirtualized kernel on KVM
[    0.000000] clocksource: refined-jiffies: mask: 0xffffffff max_cycles: 0xffffffff, max_idle_ns: 7645519600211568 ns
[    0.000000] setup_percpu: NR_CPUS:512 nr_cpumask_bits:512 nr_cpu_ids:2 nr_node_ids:1
[    0.000000] PERCPU: Embedded 34 pages/cpu @ffff88005fc00000 s99544 r8192 d31528 u1048576
[    0.000000] PV qspinlock hash table entries: 256 (order: 0, 4096 bytes)
[    0.000000] Built 1 zonelists in Node order, mobility grouping on.  Total pages: 386936
[    0.000000] Policy zone: DMA32
[    0.000000] Kernel command line: BOOT_IMAGE=/boot/vmlinuz-4.4.0-135-generic root=LABEL=cloudimg-rootfs ro console=tty1 console=ttyS0
[    0.000000] PID hash table entries: 4096 (order: 3, 32768 bytes)
[    0.000000] Memory: 1513816K/1572408K available (8554K kernel code, 1314K rwdata, 4004K rodata, 1516K init, 1316K bss, 58592K reserved, 0K cma-reserved)
[    0.000000] SLUB: HWalign=64, Order=0-3, MinObjects=0, CPUs=2, Nodes=1
[    0.000000] Kernel/User page tables isolation: enabled
[    0.000000] Hierarchical RCU implementation.
[    0.000000] 	Build-time adjustment of leaf fanout to 64.
[    0.000000] 	RCU restricting CPUs from NR_CPUS=512 to nr_cpu_ids=2.
[    0.000000] RCU: Adjusting geometry for rcu_fanout_leaf=64, nr_cpu_ids=2
[    0.000000] NR_IRQS:33024 nr_irqs:440 16
[    0.000000] Console: colour VGA+ 80x25
[    0.000000] console [tty1] enabled
[    0.000000] console [ttyS0] enabled
[    0.000000] tsc: Detected 2491.910 MHz processor
[    0.364746] Calibrating delay loop (skipped) preset value.. 4983.82 BogoMIPS (lpj=9967640)
[    0.366485] pid_max: default: 32768 minimum: 301
[    0.367411] ACPI: Core revision 20150930
[    0.369266] ACPI: 2 ACPI AML tables successfully acquired and loaded
[    0.370596] Security Framework initialized
[    0.371881] Yama: becoming mindful.
[    0.373065] AppArmor: AppArmor initialized
[    0.374967] Dentry cache hash table entries: 262144 (order: 9, 2097152 bytes)
[    0.381239] Inode-cache hash table entries: 131072 (order: 8, 1048576 bytes)
[    0.385874] Mount-cache hash table entries: 4096 (order: 3, 32768 bytes)
[    0.392590] Mountpoint-cache hash table entries: 4096 (order: 3, 32768 bytes)
[    0.394578] Initializing cgroup subsys io
[    0.395700] Initializing cgroup subsys memory
[    0.400769] Initializing cgroup subsys devices
[    0.401681] Initializing cgroup subsys freezer
[    0.404681] Initializing cgroup subsys net_cls
[    0.405579] Initializing cgroup subsys perf_event
[    0.413178] Initializing cgroup subsys net_prio
[    0.414358] Initializing cgroup subsys hugetlb
[    0.416704] Initializing cgroup subsys pids
[    0.417695] mce: CPU supports 0 MCE banks
[    0.418831] Last level iTLB entries: 4KB 512, 2MB 8, 4MB 8
[    0.419986] Last level dTLB entries: 4KB 512, 2MB 32, 4MB 32, 1GB 0
[    0.421257] Spectre V2 : Mitigation: Full generic retpoline
[    0.422685] Spectre V2 : Speculation control IBPB not-supported IBRS not-supported
[    0.424561] Speculative Store Bypass: Vulnerable
[    0.428838] Freeing SMP alternatives memory: 32K
[    0.438812] ftrace: allocating 32266 entries in 127 pages
[    0.509584] smpboot: APIC(0) Converting physical 0 to logical package 0
[    0.511447] smpboot: Max logical packages: 1
[    0.514449] x2apic enabled
[    0.533740] Switched APIC routing to physical x2apic.
[    0.536222] ..TIMER: vector=0x30 apic1=0 pin1=2 apic2=-1 pin2=-1
[    0.644087] smpboot: CPU0: Intel(R) Core(TM) i5-2520M CPU @ 2.50GHz (family: 0x6, model: 0x2a, stepping: 0x7)
[    0.651789] Performance Events: unsupported p6 CPU model 42 no PMU driver, software events only.
[    0.653983] KVM setup paravirtual spinlock
[    0.661775] x86: Booting SMP configuration:
[    0.677175] .... node  #0, CPUs:      #1
[    0.678521] kvm-clock: cpu 1, msr 0:5ffe3041, secondary cpu clock
[    0.686179] mce: CPU supports 0 MCE banks
[    0.706896] x86: Booted up 1 node, 2 CPUs
[    0.708033] smpboot: Total of 2 processors activated (9967.64 BogoMIPS)
[    0.710080] devtmpfs: initialized
[    0.719193] evm: security.selinux
[    0.719993] evm: security.SMACK64
[    0.723520] evm: security.SMACK64EXEC
[    0.724366] evm: security.SMACK64TRANSMUTE
[    0.725212] evm: security.SMACK64MMAP
[    0.726012] evm: security.ima
[    0.726700] evm: security.capability
[    0.733068] clocksource: jiffies: mask: 0xffffffff max_cycles: 0xffffffff, max_idle_ns: 7645041785100000 ns
[    0.735513] futex hash table entries: 512 (order: 3, 32768 bytes)
[    0.737039] pinctrl core: initialized pinctrl subsystem
[    0.738171] RTC time: 16:10:11, date: 09/25/18
[    0.739222] NET: Registered protocol family 16
[    0.752361] cpuidle: using governor ladder
[    0.876258] cpuidle: using governor menu
[    0.929630] PCCT header not found.
[    0.930484] ACPI: bus type PCI registered
[    0.931472] acpiphp: ACPI Hot Plug PCI Controller Driver version: 0.5
[    0.932850] PCI: Using configuration type 1 for base access
[    0.945845] ACPI: Added _OSI(Module Device)
[    0.952491] ACPI: Added _OSI(Processor Device)
[    0.953836] ACPI: Added _OSI(3.0 _SCP Extensions)
[    0.955200] ACPI: Added _OSI(Processor Aggregator Device)
[    0.957393] ACPI: Executed 1 blocks of module-level executable AML code
[    0.964633] ACPI: Interpreter enabled
[    0.965896] ACPI: (supports S0 S5)
[    0.967031] ACPI: Using IOAPIC for interrupt routing
[    0.968839] PCI: Using host bridge windows from ACPI; if necessary, use "pci=nocrs" and report a bug
[    0.977639] ACPI: PCI Root Bridge [PCI0] (domain 0000 [bus 00-ff])
[    0.998816] acpi PNP0A03:00: _OSC: OS supports [ASPM ClockPM Segments MSI]
[    1.017089] acpi PNP0A03:00: _OSC: not requesting OS control; OS requires [ExtendedConfig ASPM ClockPM MSI]
[    1.019937] acpi PNP0A03:00: fail to add MMCONFIG information, can't access extended PCI configuration space under this bridge.
[    1.022405] PCI host bridge to bus 0000:00
[    1.023254] pci_bus 0000:00: root bus resource [io  0x0000-0x0cf7 window]
[    1.024498] pci_bus 0000:00: root bus resource [io  0x0d00-0xffff window]
[    1.026005] pci_bus 0000:00: root bus resource [mem 0x000a0000-0x000bffff window]
[    1.033077] pci_bus 0000:00: root bus resource [mem 0x60000000-0xfdffffff window]
[    1.034608] pci_bus 0000:00: root bus resource [bus 00-ff]
[    1.037462] pci 0000:00:01.1: legacy IDE quirk: reg 0x10: [io  0x01f0-0x01f7]
[    1.038737] pci 0000:00:01.1: legacy IDE quirk: reg 0x14: [io  0x03f6]
[    1.039933] pci 0000:00:01.1: legacy IDE quirk: reg 0x18: [io  0x0170-0x0177]
[    1.041250] pci 0000:00:01.1: legacy IDE quirk: reg 0x1c: [io  0x0376]
[    1.074374] pci 0000:00:07.0: quirk: [io  0x4000-0x403f] claimed by PIIX4 ACPI
[    1.091335] pci 0000:00:07.0: quirk: [io  0x4100-0x410f] claimed by PIIX4 SMB
[    1.104336] ACPI: PCI Interrupt Link [LNKA] (IRQs 5 9 10 *11)
[    1.112509] ACPI: PCI Interrupt Link [LNKB] (IRQs 5 9 *10 11)
[    1.116660] ACPI: PCI Interrupt Link [LNKC] (IRQs 5 *9 10 11)
[    1.119566] ACPI: PCI Interrupt Link [LNKD] (IRQs 5 9 10 *11)
[    1.133822] ACPI: Enabled 2 GPEs in block 00 to 07
[    1.135212] vgaarb: setting as boot device: PCI:0000:00:02.0
[    1.136311] vgaarb: device added: PCI:0000:00:02.0,decodes=io+mem,owns=io+mem,locks=none
[    1.137963] vgaarb: loaded
[    1.138604] vgaarb: bridge control possible 0000:00:02.0
[    1.139899] SCSI subsystem initialized
[    1.140856] ACPI: bus type USB registered
[    1.141717] usbcore: registered new interface driver usbfs
[    1.142782] usbcore: registered new interface driver hub
[    1.143830] usbcore: registered new device driver usb
[    1.145083] PCI: Using ACPI for IRQ routing
[    1.146268] NetLabel: Initializing
[    1.147013] NetLabel:  domain hash size = 128
[    1.148117] NetLabel:  protocols = UNLABELED CIPSOv4
[    1.149413] NetLabel:  unlabeled traffic allowed by default
[    1.150966] amd_nb: Cannot enumerate AMD northbridges
[    1.152288] clocksource: Switched to clocksource kvm-clock
[    1.160938] AppArmor: AppArmor Filesystem Enabled
[    1.165516] pnp: PnP ACPI init
[    1.167133] pnp: PnP ACPI: found 3 devices
[    1.179826] clocksource: acpi_pm: mask: 0xffffff max_cycles: 0xffffff, max_idle_ns: 2085701024 ns
[    1.181684] NET: Registered protocol family 2
[    1.182819] TCP established hash table entries: 16384 (order: 5, 131072 bytes)
[    1.184595] TCP bind hash table entries: 16384 (order: 6, 262144 bytes)
[    1.186080] TCP: Hash tables configure (tablished 16384 bind 16384)
[    1.264286] UDP hash table entries: 1024 (order: 3, 32768 bytes)
[    1.265670] UDP-Lite hash table entries: 1024 (order: 3, 32768 bytes)
[    1.267024] NET: Registered protocol family 1
[    1.267991] pci 0000:00:0.0: Limiting direct PCI/PCI ansfers

[    1.352353] pci 0000:00:01.0: Activating ISA DMA hang workarounds
[    1.354284] Unpacking initramfs...
[    1.603068] Freeing initrd memory: 14796K
[    1.657047] RAPL PMU detected, API unit is 2^-32 Joules, 3 fixed counters 10737418240 ms ovfl timer
[    1.659304] hw unit of domain pp0-core 2^-0 Joules
[    1.666814] hw unit of domain package 2^-0 Joules
[    1.668070] hw unit of domain pp1-gpu 2^-0 Joules
[    1.677193] platform rtc_cmos: registered platform RTC device (no PNP device found)
[    1.679279] Scanning for low memory corruption every 60 seconds
[    1.681104] audit: initializing netlink subsys (disabled)
[    1.682247] audit: type=2000 audit(1537891816.817:1): initialized
[    1.683997] Initialise system trusted keyring
[    1.685201] HugeTLB registered 2 MB page size, pre-allocated 0 pages
[    1.688069] zbud: loaded
[    1.689309] VFS: Disk quotas dquot_6.6.0
[    1.690220] VFS: Dquot-cache hash table entries: 512 (order 0, 4096 bytes)
[    1.707243] squashfs: version 4.0 (2009/01/31) Phillip Lougher
[    1.708972] fuse init (API version 7.23)
[    1.710049] Key type big_key registered
[    1.710942] Allocating IMA MOK and blacklist keyrings.
[    1.718404] Key type asymmetric registered
[    1.737323] Asymmetric key parser 'x509' registered
[    1.738594] Block layer SCSI generic (bsg) driver version 0.4 loaded (major 249)
[    1.740723] io scheduler noop registered
[    1.741722] io scheduler deadline registered (default)
[    1.742845] io scheduler cfq registered
[    1.743883] pci_hotplug: PCI Hot Plug PCI Core version: 0.5
[    1.745170] pciehp: PCI Express Hot Plug Controller Driver version: 0.4
[    1.746731] ACPI: AC Adapter [AC] (on-line)
[    1.747941] input: Power Button as /devices/LNXSYSTM:00/LNXPWRBN:00/input/input0
[    1.750080] ACPI: Power Button [PWRF]
[    1.751215] input: Sleep Button as /devices/LNXSYSTM:00/LNXSLPBN:00/input/input1
[    1.787335] ACPI: Sleep Button [SLPF]
[    1.789226] ACPI: Battery Slot [BAT0] (battery present)
[    1.790666] GHES: HEST is not enabled!
[    1.791685] Serial: 8250/16550 driver, 32 ports, IRQ sharing enabled
[    1.815451] 00:02: ttyS0 at I/O 0x3f8 (irq = 4, base_baud = 115200) is a 16550A
[    1.828708] Linux agpgart interface v0.103
[    1.832472] loop: module loaded
[    1.851864] scsi host0: ata_piix
[    1.854759] scsi host1: ata_piix
[    1.855557] ata1: PATA max UDMA/33 cmd 0x1f0 ctl 0x3f6 bmdma 0xd000 irq 14
[    1.856872] ata2: PATA max UDMA/33 cmd 0x170 ctl 0x376 bmdma 0xd008 irq 15
[    1.867598] libphy: Fixed MDIO Bus: probed
[    1.876610] tun: Universal TUN/TAP device driver, 1.6
[    1.877637] tun: (C) 1999-2004 Max Krasnyansky <maxk@qualcomm.com>
[    1.878916] PPP generic driver version 2.4.2
[    1.879928] ehci_hcd: USB 2.0 'Enhanced' Host Controller (EHCI) Driver
[    1.881182] ehci-pci: EHCI PCI platform driver
[    1.882100] ehci-platform: EHCI generic platform driver
[    1.883122] ohci_hcd: USB 1.1 'Open' Host Controller (OHCI) Driver
[    1.937333] ohci-pci: OHCI PCI platform driver
[    1.938262] ohci-platform: OHCI generic platform driver
[    1.939431] uhci_hcd: USB Universal Host Controller Interface driver
[    1.940751] i8042: PNP: PS/2 Controller [PNP0303:PS2K,PNP0f03:PS2M] at 0x60,0x64 irq 1,12
[    1.942981] serio: i8042 KBD port at 0x60,0x64 irq 1
[    1.943976] serio: i8042 AUX port at 0x60,0x64 irq 12
[    1.945256] mousedev: PS/2 mouse device common for all mice
[    1.946993] input: AT Translated Set 2 keyboard as /devices/platform/i8042/serio0/input/input2
[    1.948997] rtc_cmos rtc_cmos: rtc core: registered rtc_cmos as rtc0
[    1.950232] rtc_cmos rtc_cmos: alarms up to one day, 114 bytes nvram
[    1.951421] i2c /dev entries driver
[    1.952253] device-mapper: uevent: version 1.0.3
[    1.966940] device-mapper: ioctl: 4.34.0-ioctl (2015-10-28) initialised: dm-devel@redhat.com
[    1.968711] ledtrig-cpu: registered to indicate activity on CPUs
[    1.970493] NET: Registered protocol family 10
[    1.971635] NET: Registered protocol family 17
[    1.972555] Key type dns_resolver registered
[    1.973735] registered taskstats version 1
[    1.974672] Loading compiled-in X.509 certificates
[    1.976540] Loaded X.509 cert 'Build time autogenerated kernel key: b7189ebc996fd79c52efc1226b6676b25e4f6a2d'
[    1.978474] zswap: loaded using pool lzo/zbud
[    1.982551] Key type trusted registered
[    1.988011] Key type encrypted registered
[    1.989259] AppArmor: AppArmor sha1 policy hashing enabled
[    1.990692] ima: No TPM chip found, activating TPM-bypass!
[    1.992141] ima: Allocated hash algorithm: sha1
[    1.993452] evm: HMAC attrs: 0x1
[    1.995021]   Magic number: 2:212:187
[    1.996429] rtc_cmos rtc_cmos: setting system clock to 2018-09-25 16:10:12 UTC (1537891812)
[    1.999109] BIOS EDD facility v0.16 2004-Jun-25, 0 devices found
[    2.002430] EDD information not available.
[    2.035543] Freeing unused kernel memory: 1516K
[    2.066807] Write protecting the kernel read-only data: 14336k
[    2.117623] Freeing unused kernel memory: 1672K
[    2.119065] Freeing unused kernel memory: 92K
Loading, please wait...
starting version[    2.139716] random: systemd-udevd: uninitialized urandom read (16 bytes read, 2 bits of entropy available)
 229
[    2.140814] random: udevadm: uninitialized urandom read (16 bytes read, 2 bits of entropy available)
[    2.140860] random: udevadm: uninitialized urandom read (16 bytes read, 2 bits of entropy available)
[    2.161500] random: udevadm: uninitialized urandom read (16 bytes read, 2 bits of entropy available)
[    2.161578] random: udevadm: uninitialized urandom read (16 bytes read, 2 bits of entropy available)
[    2.161859] random: udevadm: uninitialized urandom read (16 bytes read, 2 bits of entropy available)
[    2.161972] random: udevadm: uninitialized urandom read (16 bytes read, 2 bits of entropy available)
[    2.162084] random: udevadm: uninitialized urandom read (16 bytes read, 2 bits of entropy available)
[    2.162197] random: udevadm: uninitialized urandom read (16 bytes read, 2 bits of entropy available)
[    2.162309] random: udevadm: uninitialized urandom read (16 bytes read, 2 bits of entropy available)
[    2.265335] e1000: Intel(R) PRO/1000 Network Driver - version 7.3.21-k8-NAPI
[    2.302683] e1000: Copyright (c) 1999-2006 Intel Corporation.
[    2.304419] Fusion MPT base driver 3.04.20
[    2.317077] Copyright (c) 1999-2008 LSI Corporation
[    2.323922] Fusion MPT SPI Host driver 3.04.20
[    2.335247] AVX version of gcm_enc/dec engaged.
[    2.336352] AES CTR mode by8 optimization enabled
[    2.341060] mptbase: ioc0: Initiating bringup
[    2.427037] ioc0: LSI53C1030 A0: Capabilities={Initiator}
[    2.569611] input: ImExPS/2 Generic Explorer Mouse as /devices/platform/i8042/serio1/input/input4
[    2.680426] tsc: Refined TSC clocksource calibration: 2493.273 MHz
[    2.693343] clocksource: tsc: mask: 0xffffffffffffffff max_cycles: 0x23f066e70ec, max_idle_ns: 440795232628 ns
[    2.750941] scsi host2: ioc0: LSI53C1030 A0, FwRev=00000000h, Ports=1, MaxQ=256, IRQ=20
[    2.889105] scsi 2:0:0:0: Direct-Access     VBOX     HARDDISK         1.0  PQ: 0 ANSI: 5
[    2.900382] scsi target2:0:0: Beginning Domain Validation
[    2.902384] scsi target2:0:0: Domain Validation skipping write tests
[    2.903558] scsi target2:0:0: Ending Domain Validation
[    2.904604] scsi target2:0:0: asynchronous
[    2.905946] scsi 2:0:1:0: Direct-Access     VBOX     HARDDISK         1.0  PQ: 0 ANSI: 5
[    2.907577] scsi target2:0:1: Beginning Domain Validation
[    2.909534] scsi target2:0:1: Domain Validation skipping write tests
[    2.920180] scsi target2:0:1: Ending Domain Validation
[    2.921314] scsi target2:0:1: asynchronous
[    2.927859] sd 2:0:0:0: Attached scsi generic sg0 type 0
[    2.929303] sd 2:0:0:0: [sda] 20971520 512-byte logical blocks: (10.7 GB/10.0 GiB)
[    2.931197] sd 2:0:1:0: [sdb] 20480 512-byte logical blocks: (10.5 MB/10.0 MiB)
[    2.936417] sd 2:0:1:0: Attached scsi generic sg1 type 0
[    2.942413] sd 2:0:1:0: [sdb] Write Protect is off
[    2.946804] sd 2:0:1:0: [sdb] Incomplete mode parameter data
[    2.946805] sd 2:0:1:0: [sdb] Assuming drive cache: write through
[    2.962954] sd 2:0:0:0: [sda] Write Protect is off
[    2.964702] sd 2:0:0:0: [sda] Incomplete mode parameter data
[    2.966151] sd 2:0:0:0: [sda] Assuming drive cache: write through
[    2.971058]  sda: sda1
[    2.978346] sd 2:0:1:0: [sdb] Attached SCSI disk
[    2.980014] sd 2:0:0:0: [sda] Attached SCSI disk
[    3.396794] e1000 0000:00:03.0 eth0: (PCI:33MHz:32-bit) 02:fb:a8:4c:29:d0
[    3.419164] e1000 0000:00:03.0 eth0: Intel(R) PRO/1000 Network Connection
[    3.432811] e1000 0000:00:03.0 enp0s3: renamed from eth0
Begin: Loading essential drivers[    4.804542] md: linear personality registered for level -1
 ... [    4.812733] md: multipath personality registered for level -4
[    4.817236] md: raid0 personality registered for level 0
[    4.822217] md: raid1 personality registered for level 1
[    4.896305] raid6: sse2x1   gen()  8300 MB/s
[    4.964324] raid6: sse2x1   xor()  6306 MB/s
[    5.032339] raid6: sse2x2   gen() 10137 MB/s
[    5.100327] raid6: sse2x2   xor()  7147 MB/s
[    5.168350] raid6: sse2x4   gen() 11864 MB/s
[    5.236335] raid6: sse2x4   xor()  8599 MB/s
[    5.237435] raid6: using algorithm sse2x4 gen() 11864 MB/s
[    5.238737] raid6: .... xor() 8599 MB/s, rmw enabled
[    5.239952] raid6: using ssse3x2 recovery algorithm
[    5.242904] xor: automatically using best checksumming function:
[    5.306345]    avx       : 40533.000 MB/sec
[    5.309839] async_tx: api initialized (async)
[    5.322357] md: raid6 personality registered for level 6
[    5.323935] md: raid5 personality registered for level 5
[    5.325492] md: raid4 personality registered for level 4
[    5.343234] md: raid10 personality registered for level 10
done.
Begin: Running /scripts/init-premount ... done.
Begin: Mounting root file system ... Begin: Running /scripts/local-top ... done[    5.402326] Btrfs loaded
.
Begin: Running /scripts/local-premount ... Scanning for Btrfs filesystems
done.
Warning: fsck no[    5.494757] EXT4-fs (sda1): mounted filesystem with ordered data mode. Opts: (null)
t present, so skipping root file system
done.
Begin: Running /scripts/local-bottom ... done.
Begin: Running /scripts/init-bottom ... done.
[    5.700368] systemd[1]: systemd 229 running in system mode. (+PAM +AUDIT +SELINUX +IMA +APPARMOR +SMACK +SYSVINIT +UTMP +LIBCRYPTSETUP +GCRYPT +GNUTLS +ACL +XZ -LZ4 +SECCOMP +BLKID +ELFUTILS +KMOD -IDN)
[    5.703883] systemd[1]: Detected virtualization oracle.
[    5.705009] systemd[1]: Detected architecture x86-64.

Welcome to [1mUbuntu 16.04.5 LTS[0m!

[    5.713076] systemd[1]: Set hostname to ubuntu-xenial>.
[   .09808] systemd[1]: Reached target User and Group Name Lookups.
[[0;32m  OK  [0m] Reached target User and Group Name Lookups.
[    6.096459] systemd[1]: Reached target Swap.
[[0;32m  OK  [0m] Reached target Swap.
[    6.098679] systemd[1]: Listening on Device-mapper event daemon FIFOs.
[[0;32m  OK  [0m] Listening on Device-mapper event daemon FIFOs.
[    6.101524] systemd[1]: Listening on LVM2 poll daemon socket.
[[0;32m  OK  [0m] Listening on LVM2 poll daemon socket.
[    6.104093] systemd[1]: Started Trigger resolvconf update for networkd DNS.
[[0;32m  OK  [0m] Started Trigger resolvconf update for networkd DNS.
[    6.107053] systemd[1]: Listening on Journal Audit Socket.
[[0;32m  OK  [0m] Listening on Journal Audit Socket.
[    6.109578] systemd[1]: Listening on Journal Socket.
[[0;32m  OK  [0m] Listening on Journal Socket.
[    6.111915] systemd[1]: Started Forward Password Requests to Wall Directory Watch.
[[0;32m  OK  [0m] Started Forward Password Requests to Wall Directory Watch.
[   6.11693]systemd[1]: Listening on LVM2 metadata daemon socket.
[[0;32m  OK  [0m] Listening on LVM2 metadata daemon socket.
[    6.360837] systemd[1]: Listening on /dev/initctl Compatibility Named Pipe.
[[0;32m  OK  [0m] Listening on /dev/initctl Compatibility Named Pipe.
[    6.365124] systemd[1]: Listening on udev Kernel Socket.
[[0;32m  OK  [0m] Listening on udev Kernel Socket.
[    6.368605] systemd[1]: Listening on Syslog Socket.
[[0;32m  OK  [0m] Listening on Syslog Socket.
[    6.371806] systemd[1]: Reached target System Time Synchronized.
[[0;32m  OK  [0m] Reached target System Time Synchronized.
[    6.375578] systemd[1]: Listening on udev Control Socket.
[[0;32m  OK  [0m] Listening on udev Control Socket.
[    6.379085] systemd[1]: Listening on Journal Socket (/dev/log).
[[0;32m  OK  [0m] Listening on Journal Socket (/dev/log).
[    6.382135] systemd[1]: Reached target Encrypted Volumes.
[[0;32m  OK  [0m] Reached target Encrypted Volumes.
[    6.385378] systemd[1]: Created slice User and Session Slice.
[[0;32m  OK  [0m] Created slice User and Session Slice.
[    6.388702] systemd[1]: Created slice System Slice.
[[0;32m  OK  [0m] Created slice System Slice.
[    6.404817] systemd[1]: Starting Load Kernel Modules...
         Starting Load Kernel Modules...
[    6.410714] systemd[1]: Mounting Debug File System...
         Mounting Debug File System...
[    6.415604] systemd[1]: Starting Set console keymap...
         Starting Set console keymap...
[    6.426517] systemd[1]: Mounting POSIX Message Queue File System...
[    6.428442] Loading iSCSI transport class v2.0-870.
         Mounting POSIX Message Queue File System...
[    6.432899] systemd[1]: Created slice system-serial\x2dgetty.slice.
[[0;32m  OK  [0m] Created slice system-serial\x2dgetty.slice.
[    6.449666] systemd[1]: Starting Create list of required static device nodes for the current kernel...
[    6.458615] iscsi: registered transport (tcp)
         Starting Create list of required st... nodes for the current kernel...
[    6.462389] systemd[1]: Reached target Slices.
[[0;32m  OK  [0m] Reached target S[    6.503893] iscsi: registered transport (iser)
lices.
[    6.552767] systemd[1]: Starting Remount Root and Kernel File Systems...
         Starting Remount Root and Kernel File Systems...
[    6.578702] systemd[1]: Starting Monitoring of LVM2 mirrors, snapshots etc. using dmeventd or progress polling...
[    6.589779] EXT4-fs (sda1): re-mounted. Opts: (null)
         Starting Monitoring of LVM2 mirrors... dmeventd or progress polling...
[    6.606782] systemd[1]: Starting Nameserver information manager...
         Starting Nameserver information manager...
[    6.622265] systemd[1]: Mounting Huge Pages File System...
         Mounting Huge Pages File System...
[    6.660688] systemd[1]: Starting Uncomplicated firewall...
         Starting Uncomplicated firewall...
[    6.687826] systemd[1]: Starting Journal Service...
         Starting Journal Service...
[    6.692137] systemd[1]: Set up automount Arbitrary Executable File Formats File System Automount Point.
[[0;32m  OK  [0m] Set up automount Arbitrary Executab...ats File System Automount Point.
[    6.701333] systemd[1]: Mounted POSIX Message Queue File System.
[[0;32m  OK  [0m] Mounted POSIX Message Queue File System.
[    6.721425] systemd[1]: Mounted Debug File System.
[[0;32m  OK  [0m] Mounted Debug File System.
[    6.724271] systemd[1]: Mounted Huge Pages File System.
[[0;32m  OK  [0m] Mounted Huge Pages File System.
[    6.728121] systemd[1]: Started Load Kernel Modules.
[[0;32m  OK  [0m] Started Load Kernel Modules.
[    6.737356] systemd[1]: Started Set console keymap.
[[0;32m  OK  [0m] Started Set console keymap.
[    6.740999] systemd[1]: Started Create list of required static device nodes for the current kernel.
[[0;32m  OK  [0m] Started Create list of required sta...ce nodes for the current kernel.
[    6.748554] systemd[1]: Started Remount Root and Kernel File Systems.
[[0;32m  OK  [0m] Started Remount Root and Kernel File Systems.
[    6.765447] systemd[1]: Started Uncomplicated firewall.
[[0;32m  OK  [0m] Started Uncomplicated firewall.
[    6.772223] systemd[1]: Started Journal Service.
[[0;32m  OK  [0m] Started Journal Service.
[[0;32m  OK  [0m] Started Nameserver information manager.
[[0;32m  OK  [0m] Started LVM2 metadata daemon.
         Starting Flush Journal to Persistent Storage...
         Starting Load/Save Random Seed...
         Starting udev Coldplug all Devices...
         Starting Create Static Device Nodes in /dev...
         Mounting FUSE Control File System...
         Starting Apply Kernel Variables...
[[0;32m  OK  [0m] Mounted FUSE Control File System.
[[0;32m  OK  [0m] Started Load/Save Random Seed.
[[0;32m  OK  [0m] Started Create Static Device Nodes in /dev.
[[0;32m  OK  [0m] Started Apply Kernel Variables.
[[0;32m  OK  [0m] Started Flush Journal to Persistent Storage.
[[0;32m  OK  [0m] Started Monitoring of LVM2 mirrors,...ng dmeventd or progress polling.
[[0;32m  OK  [0m] Started udev Coldplug all Devices.
         Starting udev Kernel Device Manager...
[[0;32m  OK  [0m] Started udev Kernel Device Manager.
[[0;32m  OK  [0m] Started Dispatch Password Requests to Console Directory Watch.
[[0;32m  OK  [0m] Reached target Local File Systems (Pre).
[[0;32m  OK  [0m] Reached target Local File Systems.
         Starting Create Volatile Files and Directories...
         Starting Tell Plymouth To Write Out Runtime Data...
         Starting LSB: AppArmor initialization...
         Starting Initial cloud-init job (pre-networking)...
         Starting Set console font and keymap...
[[0;32m  OK  [0m] Started Create Volatile Files and Directories.
[[0;32m  OK  [0m] Started Tell Plymouth To Write Out Runtime Data.
         Starting Update UTMP about System Boot/Shutdown...
[[0;32m  OK  [0m] Started Update UTMP about System Boot/Shutdown.
[[0;32m  OK  [0m] Found device /dev/ttyS0.
[[0;32m  OK  [0m] Started LSB: AppArmor initialization.
[[0;32m  OK  [0m] Listening on Load/Save RF Kill Switch Status /dev/rfkill Watch.
[[0;32m  OK  [0m] Found device 82540EM Gigabit Ethern...r (PRO/1000 MT Desktop Adapter).
[[0;32m  OK  [0m] Started Set console font and keymap.
[[0;32m  OK  [0m] Created slice system-getty.slice.
[    8.307330] cloud-init[482]: Cloud-init v. 18.3-9-g2e62cb8a-0ubuntu1~16.04.2 running 'init-local' at Tue, 25 Sep 2018 16:10:19 +0000. Up 7.83 seconds.
[[0;32m  OK  [0m] Started Initial cloud-init job (pre-networking).
[[0;32m  OK  [0m] Reached target Network (Pre).
[[0;32m  OK  [0m] Started ifup for enp0s3.
         Starting Raise network interfaces...
[[0;32m  OK  [0m] Started Raise network interfaces.
         Starting Initial cloud-init job (metadata service crawler)...
[[0;32m  OK  [0m] Reached target Network.
[    9.601830] cloud-init[955]: Cloud-init v. 18.3-9-g2e62cb8a-0ubuntu1~16.04.2 running 'init' at Tue, 25 Sep 2018 16:10:20 +0000. Up 9.00 seconds.
[    9.623471] cloud-init[955]: ci-info: ++++++++++++++++++++++++++++++++++++++Net device info++++++++++++++++++++++++++++++++++++++
[    9.628300] cloud-init[955]: ci-info: +--------+------+----------------------------+---------------+--------+-------------------+
[    9.632670] cloud-init[955]: ci-info: | Device |  Up  |          Address           |      Mask     | Scope  |     Hw-Address    |
[    9.636700] cloud-init[955]: ci-info: +--------+------+----------------------------+---------------+--------+-------------------+
[    9.639436] cloud-init[955]: ci-info: | enp0s3 | True |         10.0.2.15          | 255.255.255.0 | global | 02:fb:a8:4c:29:d0 |
[    9.642196] cloud-init[955]: ci-info: | enp0s3 | True | fe80::fb:a8ff:fe4c:29d0/64 |       .       |  link  | 02:fb:a8:4c:29:d0 |
[    9.644934] cloud-init[955]: ci-info: |   lo   | True |         127.0.0.1          |   255.0.0.0   |  host  |         .         |
[    9.647688] cloud-init[955]: ci-info: |   lo   | True |          ::1/128           |       .       |  host  |         .         |
[    9.650366] cloud-init[955]: ci-info: +--------+------+----------------------------+---------------+--------+-------------------+
[    9.658605] cloud-init[955]: ci-info: +++++++++++++++++++++++++++Route IPv4 info++++++++++++++++++++++++++++
[    9.661086] cloud-init[955]: ci-info: +-------+-------------+----------+---------------+-----------+-------+
[    9.663630] cloud-init[955]: ci-info: | Route | Destination | Gateway  |    Genmask    | Interface | Flags |
[    9.675836] cloud-init[955]: ci-info: +-------+-------------+----------+---------------+-----------+-------+
[    9.678120] cloud-init[955]: ci-info: |   0   |   0.0.0.0   | 10.0.2.2 |    0.0.0.0    |   enp0s3  |   UG  |
[    9.680340] cloud-init[955]: ci-info: |   1   |   10.0.2.0  | 0.0.0.0  | 255.255.255.0 |   enp0s3  |   U   |
[    9.682605] cloud-init[955]: ci-info: +-------+-------------+----------+---------------+-----------+-------+
[    9.684872] cloud-init[955]: ci-info: +++++++++++++++++++Route IPv6 info+++++++++++++++++++
[    9.686843] cloud-init[955]: ci-info: +-------+-------------+---------+-----------+-------+
[    9.688866] cloud-init[955]: ci-info: | Route | Destination | Gateway | Interface | Flags |
[    9.690829] cloud-init[955]: ci-info: +-------+-------------+---------+-----------+-------+
[    9.692611] cloud-init[955]: ci-info: |   0   |  fe80::/64  |    ::   |   enp0s3  |   U   |
[    9.695474] cloud-init[955]: ci-info: |   3   |   ff00::/8  |    ::   |   enp0s3  |   U   |
[    9.698315] cloud-init[955]: ci-info: +-------+-------------+---------+-----------+-------+
[[0;32m  OK  [0m] Started Initial cloud-init job (metadata service crawler).
[[0;32m  OK  [0m] Reached target Cloud-config availability.
[[0;32m  OK  [0m] Reached target Network is Online.
         Starting iSCSI initiator daemon (iscsid)...
[[0;32m  OK  [0m] Reached target System Initialization.
[[0;32m  OK  [0m] Started Clean PHP session files every 30 mins.
[[0;32m  OK  [0m] Started ACPI Events Check.
[[0;32m  OK  [0m] Reached target Paths.
         Starting LXD - unix socket.
[[0;32m  OK  [0m] Listening on UUID daemon activation socket.
[[0;32m  OK  [0m] Listening on ACPID Listen Socket.
[[0;32m  OK  [0m] Started Daily apt download activities.
[[0;32m  OK  [0m] Listening on D-Bus System Message Bus Socket.
         Starting Socket activation for snappy daemon.
[[0;32m  OK  [0m] Started Daily Cleanup of Temporary Directories.
[[0;32m  OK  [0m] Started Daily apt upgrade and clean activities.
[[0;32m  OK  [0m] Reached target Timers.
[[0;32m  OK  [0m] Listening on LXD - unix socket.
[[0;32m  OK  [0m] Listening on Socket activation for snappy daemon.
[[0;32m  OK  [0m] Started iSCSI initiator daemon (iscsid).
         Starting Login to default iSCSI targets...
[[0;32m  OK  [0m] Reached target Sockets.
[[0;32m  OK  [0m] Reached target Basic System.
         Starting System Logging Service...
         Starting LSB: MD monitoring daemon...
         Starting LXD - container startup/shutdown...
         Starting /etc/rc.local Compatibility...
[[0;32m  OK  [0m] Started D-Bus System Message Bus.
[[0;32m  OK  [0m] Started ACPI event daemon.
         Starting Accounts Service...
         Starting Virtualbox guest utils...
         Starting LSB: Record successful boot for GRUB...
[[0;32m  OK  [0m] Started Unattended Upgrades Shutdown.
         Starting Login Service...
[[0;32m  OK  [0m] Started FUSE filesystem for LXC.
         Starting OpenBSD Secure Shell server...
[[0;32m  OK  [0m] Started Deferred execution scheduler.
[[0;32m  OK  [0m] Started Regular background program processing daemon.
         Starting Snappy daemon...
[[0;32m  OK  [0m] Started System Logging Service.
[[0;32m  OK  [0m] Started OpenBSD Secure Shell server.
[[0;32m  OK  [0m] Started LXD - container startup/shutdown.
[[0;32m  OK  [0m] Started /etc/rc.local Compatibility.
[[0;32m  OK  [0m] Started Login to default iSCSI targets.
[[0;32m  OK  [0m] Started LSB: MD monitoring daemon.
[[0;32m  OK  [0m] Started LSB: Record successful boot for GRUB.
[[0;32m  OK  [0m] Started Login Service.
         Starting Authenticate and Authorize Users to Run Privileged Tasks...
[[0;32m  OK  [0m] Reached target Remote File Systems (Pre).
[[0;32m  OK  [0m] Reached target Remote File Systems.
         Starting LSB: Set the CPU Frequency Scaling governor to "ondemand"...
         Starting LSB: daemon to balance interrupts for SMP systems...
         Starting Permit User Sessions...
         Starting LSB: Apache2 web server...
         Starting LSB: automatic crash report generation...
[[0;32m  OK  [0m] Started Snappy daemon.
[[0;32m  OK  [0m] Started Virtualbox guest utils.
[[0;32m  OK  [0m] Started Permit User Sessions.
[[0;32m  OK  [0m] Started Authenticate and Authorize Users to Run Privileged Tasks.
[[0;32m  OK  [0m] Started Accounts Service.
[[0;32m  OK  [0m] Started LSB: Set the CPU Frequency Scaling governor to "ondemand".
[[0;32m  OK  [0m] Started LSB: daemon to balance interrupts for SMP systems.
         Starting Hold until boot process finishes up...
         Starting Terminate Plymouth Boot Screen...
         Starting Wait until snapd is fully seeded...
[[0;32m  OK  [0m] Started LSB: automatic crash report generation.
[[0;32m  OK  [0m] Started Hold until boot process finishes up.
[[0;32m  OK  [0m] Started Terminate Plymouth Boot Screen.
[[0;32m  OK  [0m] Started Wait until snapd is fully seeded.
         Starting Apply the settings specified in cloud-config...
[[0;32m  OK  [0m] Started Serial Getty on ttyS0.
[[0;32m  OK  [0m] Started Getty on tty1.
[[0;32m  OK  [0m] Reached target Login Prompts.
         Starting Set console scheme...
[[0;32m  OK  [0m] Started Set console scheme.
[   11.727638] cloud-init[1200]: Cloud-init v. 18.3-9-g2e62cb8a-0ubuntu1~16.04.2 running 'modules:config' at Tue, 25 Sep 2018 16:10:22 +0000. Up 11.44 seconds.
[[0;32m  OK  [0m] Created slice User Slice of vagrant.
         Starting User Manager for UID 1000...
[[0;32m  OK  [0m] Started Apply the settings specified in cloud-config.
[[0;32m  OK  [0m] Started User Manager for UID 1000.
[[0;32m  OK  [0m] Started Session 1 of user vagrant.
[[0;32m  OK  [0m] Started LSB: Apache2 web server.
[[0;32m  OK  [0m] Reached target Multi-User System.
[[0;32m  OK  [0m] Reached target Graphical Interface.
         Starting Execute cloud user/final scripts...
         Starting Update UTMP about System Runlevel Changes...
[[0;32m  OK  [0m] Started Update UTMP about System Runlevel Changes.
[   12.868511] cloud-init[1259]: Cloud-init v. 18.3-9-g2e62cb8a-0ubuntu1~16.04.2 running 'modules:final' at Tue, 25 Sep 2018 16:10:23 +0000. Up 12.56 seconds.
[   12.961341] cloud-init[1259]: Cloud-init v. 18.3-9-g2e62cb8a-0ubuntu1~16.04.2 finished at Tue, 25 Sep 2018 16:10:24 +0000. Datasource DataSourceNoCloud [seed=/dev/sdb][dsmode=net].  Up 12.85 seconds
[[0;32m  OK  [0m] Started Execute cloud user/final scripts.
[[0;32m  OK  [0m] Reached target Cloud-init target.

Ubuntu 16.04.5 LTS ubuntu-xenial ttyS0

ubuntu-xenial login: 